# JRE version: OpenJDK Runtime Environment (11.0.4+11) (build 11.0.4+11-post-Ubuntu-1ubuntu218.04.3)
# Java VM: OpenJDK 64-Bit Server VM (11.0.4+11-post-Ubuntu-1ubuntu218.04.3, mixed mode, sharing, tiered, compressed oops, g1 gc, linux-amd64)
Heap:
 garbage-first heap   total 743424K, used 59388K [0x0000000085400000, 0x0000000100000000)
  region size 1024K, 1 young (1024K), 1 survivors (1024K)
 Metaspace       used 7034K, capacity 7844K, committed 7936K, reserved 1056768K
  class space    used 769K, capacity 1001K, committed 1024K, reserved 1048576K
GC Heap History (10 events):
Event: 1,413 GC heap after
{Heap after GC invocations=9 (full 0):
 garbage-first heap   total 247808K, used 59250K [0x0000000085400000, 0x0000000100000000)
  region size 1024K, 1 young (1024K), 1 survivors (1024K)
 Metaspace       used 6860K, capacity 7665K, committed 7936K, reserved 1056768K
  class space    used 735K, capacity 938K, committed 1024K, reserved 1048576K
}
Event: 1,446 GC heap before
{Heap before GC invocations=9 (full 0):
 garbage-first heap   total 247808K, used 70514K [0x0000000085400000, 0x0000000100000000)
  region size 1024K, 12 young (12288K), 1 survivors (1024K)
 Metaspace       used 6860K, capacity 7665K, committed 7936K, reserved 1056768K
  class space    used 735K, capacity 938K, committed 1024K, reserved 1048576K
}
Event: 1,447 GC heap after
{Heap after GC invocations=10 (full 0):
 garbage-first heap   total 247808K, used 59258K [0x0000000085400000, 0x0000000100000000)
  region size 1024K, 1 young (1024K), 1 survivors (1024K)
 Metaspace       used 6860K, capacity 7665K, committed 7936K, reserved 1056768K
  class space    used 735K, capacity 938K, committed 1024K, reserved 1048576K
}
Event: 1,745 GC heap before
{Heap before GC invocations=10 (full 0):
 garbage-first heap   total 247808K, used 145274K [0x0000000085400000, 0x0000000100000000)
  region size 1024K, 85 young (87040K), 1 survivors (1024K)
 Metaspace       used 6860K, capacity 7665K, committed 7936K, reserved 1056768K
  class space    used 735K, capacity 938K, committed 1024K, reserved 1048576K
}
Event: 1,754 GC heap after
{Heap after GC invocations=11 (full 0):
 garbage-first heap   total 247808K, used 59272K [0x0000000085400000, 0x0000000100000000)
  region size 1024K, 1 young (1024K), 1 survivors (1024K)
 Metaspace       used 6860K, capacity 7665K, committed 7936K, reserved 1056768K
  class space    used 735K, capacity 938K, committed 1024K, reserved 1048576K
}
Event: 3,552 GC heap before
{Heap before GC invocations=11 (full 0):
 garbage-first heap   total 247808K, used 171912K [0x0000000085400000, 0x0000000100000000)
  region size 1024K, 112 young (114688K), 1 survivors (1024K)
 Metaspace       used 7032K, capacity 7844K, committed 7936K, reserved 1056768K
  class space    used 769K, capacity 1001K, committed 1024K, reserved 1048576K
}
Event: 5,459 GC heap after
{Heap after GC invocations=12 (full 0):
 garbage-first heap   total 247808K, used 59367K [0x0000000085400000, 0x0000000100000000)
  region size 1024K, 1 young (1024K), 1 survivors (1024K)
 Metaspace       used 7032K, capacity 7844K, committed 7936K, reserved 1056768K
  class space    used 769K, capacity 1001K, committed 1024K, reserved 1048576K
}
Event: 6,451 GC heap before
{Heap before GC invocations=12 (full 0):
 garbage-first heap   total 247808K, used 69607K [0x0000000085400000, 0x0000000100000000)
  region size 1024K, 12 young (12288K), 1 survivors (1024K)
 Metaspace       used 7032K, capacity 7844K, committed 7936K, reserved 1056768K
  class space    used 769K, capacity 1001K, committed 1024K, reserved 1048576K
}
Event: 8,423 GC heap after
{Heap after GC invocations=13 (full 0):
 garbage-first heap   total 247808K, used 59376K [0x0000000085400000, 0x0000000100000000)
  region size 1024K, 1 young (1024K), 1 survivors (1024K)
 Metaspace       used 7032K, capacity 7844K, committed 7936K, reserved 1056768K
  class space    used 769K, capacity 1001K, committed 1024K, reserved 1048576K
}
Event: 14,612 GC heap before
{Heap before GC invocations=13 (full 0):
 garbage-first heap   total 247808K, used 70640K [0x0000000085400000, 0x0000000100000000)
  region size 1024K, 12 young (12288K), 1 survivors (1024K)
 Metaspace       used 7034K, capacity 7844K, committed 7936K, reserved 1056768K
  class space    used 769K, capacity 1001K, committed 1024K, reserved 1048576K
}

